F:\VNOC\VNOC\VNOC\VNOCCOMMANDLINECLIENT\DEBUG\CLIENTMAIN.OBJ
F:\VNOC\VNOC\VNOC\VNOCCOMMANDLINECLIENT\DEBUG\LOGINHANDLER.OBJ
F:\VNOC\VNOC\VNOC\VNOCCOMMANDLINECLIENT\DEBUG\LOGINPROXY.OBJ
F:\VNOC\VNOC\VNOC\VNOCCOMMANDLINECLIENT\DEBUG\VC110.PDB
F:\VNOC\VNOC\VNOC\DEBUG\VNOCCOMMANDLINECLIENT.ILK
F:\VNOC\VNOC\VNOC\DEBUG\VNOCCOMMANDLINECLIENT.EXE
F:\VNOC\VNOC\VNOC\DEBUG\VNOCCOMMANDLINECLIENT.PDB
F:\VNOC_2\vnoc\VNOC\VNOCCommandlineClient\Debug\ClientMain.obj
F:\VNOC_2\vnoc\VNOC\VNOCCommandlineClient\Debug\LoginHandler.obj
F:\VNOC_2\vnoc\VNOC\VNOCCommandlineClient\Debug\LoginProxy.obj
F:\VNOC_2\vnoc\VNOC\VNOCCommandlineClient\Debug\cl.command.1.tlog
F:\VNOC_2\vnoc\VNOC\VNOCCommandlineClient\Debug\CL.read.1.tlog
F:\VNOC_2\vnoc\VNOC\VNOCCommandlineClient\Debug\CL.write.1.tlog
F:\VNOC_2\vnoc\VNOC\VNOCCommandlineClient\Debug\link-cvtres.read.1.tlog
F:\VNOC_2\vnoc\VNOC\VNOCCommandlineClient\Debug\link-cvtres.write.1.tlog
F:\VNOC_2\vnoc\VNOC\VNOCCommandlineClient\Debug\link-rc.read.1.tlog
F:\VNOC_2\vnoc\VNOC\VNOCCommandlineClient\Debug\link-rc.write.1.tlog
F:\VNOC_2\vnoc\VNOC\VNOCCommandlineClient\Debug\link.command.1.tlog
F:\VNOC_2\vnoc\VNOC\VNOCCommandlineClient\Debug\link.read.1.tlog
F:\VNOC_2\vnoc\VNOC\VNOCCommandlineClient\Debug\link.write.1.tlog
F:\VNOC_2\vnoc\VNOC\VNOCCommandlineClient\Debug\vc110.idb
F:\VNOC_2\vnoc\VNOC\VNOCCommandlineClient\Debug\vc110.pdb
